<?xml version="1.0" encoding="UTF-8"?>
<!-- Generated by org.testng.reporters.JUnitReportReporter -->
<testsuite hostname="DESKTOP-LO1IC0C" failures="0" tests="1" name="userRegistrationTset.UserRegestrationTest" time="41.142" errors="0" timestamp="2023-12-19T12:45:41 IST" skipped="0">
  <testcase classname="userRegistrationTset.UserRegestrationTest" name="userRegistration" time="41.142"/>
</testsuite> <!-- userRegistrationTset.UserRegestrationTest -->
